commit 41f3b85e1a5b65245eefad6b1ec499102231f090
Author: Deen Liu <liu.declan@gmail.com>
Date:   Mon Sep 9 20:50:43 2013 -0400

    Add deleted files.

commit 2fb4049912d440a093e4c7a29ff140ac0bf77cf3
Author: Deen Liu <liu.declan@gmail.com>
Date:   Mon Sep 9 20:49:37 2013 -0400

    Deen's Initailize.

commit 33a56ebf96d2c475a6313638395929cce36c4844
Merge: 9765d15 0d2ef16
Author: Dominik Pirngruber <d.pirngruber@gmail.com>
Date:   Sun Sep 8 04:53:55 2013 -0700

    Merge pull request #10 from baptisterobert/master
    
    Delete gen repository and clean-up AddFriend activity

commit 0d2ef166f44e59fe2398b05a430cbfa50021f08b
Author: Baptiste Robert <baptistex.robert@intel.com>
Date:   Sun Sep 8 13:33:37 2013 +0200

    Clean up of AddFriend activity.
    
    The AddFriend activity don't respect the Android coding style.
    The method need to be more atomic.
    
    This patch makes the AddFriend activity compliant with Android
    coding style and simplify the method. It also adds some TODO.
    
    Signed-off-by: Baptiste Robert <baptistex.robert@intel.com>

commit 56ec0556fdf80209ceccd90ae42749f13acf496c
Author: Baptiste Robert <baptistex.robert@intel.com>
Date:   Sun Sep 8 13:29:13 2013 +0200

    Delete gen repository
    
    You don't need to commit the gen repository. This repository generate
    a lot of useless changes when you make a commit.
    
    This patch delete the gen repository.
    
    Signed-off-by: Baptiste Robert <baptistex.robert@intel.com>

commit 9765d1507c7644f1aea0966762308339f6fef236
Author: Dominik Pirngruber <d.pirngruber@gmail.com>
Date:   Thu Aug 22 19:11:28 2013 +0200

    Update README.md

commit f51b1ae46b2bd07fcf3551b4593bb867f558a37c
Author: Pirngruber Domink <d.pirngruber@gmail.com>
Date:   Sun Aug 18 20:02:06 2013 +0200

    Message History in local SQLite

commit 04ccc6a9c6efe60aac6049ccee32b465754a6723
Author: Pirngruber Domink <d.pirngruber@gmail.com>
Date:   Thu Aug 15 21:39:29 2013 +0200

    Updated deprecated commands

commit d1909e10981c5de33eb52aa9964536d1154b173d
Author: Pirngruber <d.pirngruber@gmail.com>
Date:   Sun Jul 28 00:27:17 2013 +0200

    Update README.md

commit 788dca143a979dd757baff1cb7a34d97ce0b7fd1
Author: Pirngruber <d.pirngruber@gmail.com>
Date:   Sun Jul 28 00:26:38 2013 +0200

    Update README.md

commit 7cb88772d94b2edc7da663f4bdfdd8cc315b1198
Author: Pirngruber <d.pirngruber@gmail.com>
Date:   Fri Jul 26 11:20:34 2013 +0200

    Update README.md

commit 6b22d30d5fb187964430839905fb910e90a8104e
Author: Pirngruber <d.pirngruber@gmail.com>
Date:   Fri Jul 26 11:18:26 2013 +0200

    Update README.md

commit 28868a065dff3f3bc0c682fb71710b26549ac62d
Author: Pirngruber Domink <d.pirngruber@gmail.com>
Date:   Tue Jul 23 19:59:31 2013 +0200

    send messages to offline users is now available!

commit 7ecb10117d6126dd98491bf9de37ef35825dcbb5
Author: Pirngruber <d.pirngruber@gmail.com>
Date:   Thu Jul 18 14:33:35 2013 +0200

    Update README.md

commit f70bd7491a93b96c0de17614b63d1470cb19bfc5
Author: Pirngruber Domink <d.pirngruber@gmail.com>
Date:   Thu Jul 18 14:32:05 2013 +0200

    first commit extended

commit 237611715652cf185f76aa28fa2f9c11cbb544e8
Author: Pirngruber <d.pirngruber@gmail.com>
Date:   Thu Jul 18 14:29:15 2013 +0200

    Update README.md

commit 70c28b15b8c1a1c257d88fb37e7a10d4561b940c
Author: Pirngruber <d.pirngruber@gmail.com>
Date:   Thu Jul 18 14:23:48 2013 +0200

    Create README.md

commit 112ea6842abf3c3e512145a2e6f839c061406118
Author: Pirngruber Domink <d.pirngruber@gmail.com>
Date:   Thu Jul 18 14:14:57 2013 +0200

    First Commit
